[debug] [2021-08-17T17:50:54.577Z] ----------------------------------------------------------------------
[debug] [2021-08-17T17:50:54.579Z] Command:       /usr/local/bin/node /usr/local/bin/firebase deploy
[debug] [2021-08-17T17:50:54.579Z] CLI Version:   9.16.5
[debug] [2021-08-17T17:50:54.579Z] Platform:      darwin
[debug] [2021-08-17T17:50:54.579Z] Node Version:  v12.4.0
[debug] [2021-08-17T17:50:54.582Z] Time:          Tue Aug 17 2021 12:50:54 GMT-0500 (GMT-05:00)
[debug] [2021-08-17T17:50:54.582Z] ----------------------------------------------------------------------
[debug] 
[debug] [2021-08-17T17:50:54.584Z] >>> [apiv2][query] GET https://firebase-public.firebaseio.com/cli.json [none]
[debug] [2021-08-17T17:50:54.653Z] > command requires scopes: ["email","openid","https://www.googleapis.com/auth/cloudplatformprojects.readonly","https://www.googleapis.com/auth/firebase","https://www.googleapis.com/auth/cloud-platform"]
[debug] [2021-08-17T17:50:54.653Z] > authorizing via signed-in user (juanmanuel@disrupcion.mx)
[debug] [2021-08-17T17:50:54.653Z] [iam] checking project lab-cognicion for permissions ["firebase.projects.get","firebasehosting.sites.update"]
[debug] [2021-08-17T17:50:54.654Z] > refreshing access token with scopes: ["email","https://www.googleapis.com/auth/cloud-platform","https://www.googleapis.com/auth/cloudplatformprojects.readonly","https://www.googleapis.com/auth/firebase","openid"]
[debug] [2021-08-17T17:50:54.654Z] >>> HTTP REQUEST POST https://www.googleapis.com/oauth2/v3/token  
 <request body omitted>
[debug] [2021-08-17T17:50:54.934Z] <<< HTTP RESPONSE 200 {"cache-control":"no-cache, no-store, max-age=0, must-revalidate","pragma":"no-cache","date":"Tue, 17 Aug 2021 17:50:55 GMT","expires":"Mon, 01 Jan 1990 00:00:00 GMT","content-type":"application/json; charset=utf-8","vary":"X-Origin, Referer, Origin,Accept-Encoding","server":"scaffolding on HTTPServer2","x-xss-protection":"0","x-frame-options":"SAMEORIGIN","x-content-type-options":"nosniff","alt-svc":"h3=\":443\"; ma=2592000,h3-29=\":443\"; ma=2592000,h3-T051=\":443\"; ma=2592000,h3-Q050=\":443\"; ma=2592000,h3-Q046=\":443\"; ma=2592000,h3-Q043=\":443\"; ma=2592000,quic=\":443\"; ma=2592000; v=\"46,43\"","accept-ranges":"none","transfer-encoding":"chunked"}
[debug] [2021-08-17T17:50:54.980Z] >>> HTTP REQUEST POST https://cloudresourcemanager.googleapis.com/v1/projects/lab-cognicion:testIamPermissions  
 {"permissions":["firebase.projects.get","firebasehosting.sites.update"]}
[debug] [2021-08-17T17:50:55.141Z] <<< [apiv2][status] GET https://firebase-public.firebaseio.com/cli.json 200
[debug] [2021-08-17T17:50:55.141Z] <<< [apiv2][body] GET https://firebase-public.firebaseio.com/cli.json {"cloudBuildErrorAfter":1594252800000,"cloudBuildWarnAfter":1590019200000,"defaultNode10After":1594252800000,"minVersion":"3.0.5","node8DeploysDisabledAfter":1613390400000,"node8RuntimeDisabledAfter":1615809600000,"node8WarnAfter":1600128000000}
[debug] [2021-08-17T17:50:55.614Z] <<< HTTP RESPONSE 200 {"content-type":"application/json; charset=UTF-8","vary":"X-Origin, Referer, Origin,Accept-Encoding","date":"Tue, 17 Aug 2021 17:50:55 GMT","server":"ESF","cache-control":"private","x-xss-protection":"0","x-frame-options":"SAMEORIGIN","x-content-type-options":"nosniff","server-timing":"gfet4t7; dur=449","alt-svc":"h3=\":443\"; ma=2592000,h3-29=\":443\"; ma=2592000,h3-T051=\":443\"; ma=2592000,h3-Q050=\":443\"; ma=2592000,h3-Q046=\":443\"; ma=2592000,h3-Q043=\":443\"; ma=2592000,quic=\":443\"; ma=2592000; v=\"46,43\"","accept-ranges":"none","transfer-encoding":"chunked"}
[debug] [2021-08-17T17:50:55.615Z] [iam] error while checking permissions, command may fail: FirebaseError: Authorization failed. This account is missing the following required permissions on project lab-cognicion:

  firebase.projects.get
  firebasehosting.sites.update
[debug] [2021-08-17T17:50:55.616Z] > refreshing access token with scopes: []
[debug] [2021-08-17T17:50:55.616Z] >>> HTTP REQUEST POST https://www.googleapis.com/oauth2/v3/token  
 <request body omitted>
[debug] [2021-08-17T17:50:55.859Z] <<< HTTP RESPONSE 200 {"expires":"Mon, 01 Jan 1990 00:00:00 GMT","date":"Tue, 17 Aug 2021 17:50:55 GMT","cache-control":"no-cache, no-store, max-age=0, must-revalidate","pragma":"no-cache","content-type":"application/json; charset=utf-8","vary":"X-Origin, Referer, Origin,Accept-Encoding","server":"scaffolding on HTTPServer2","x-xss-protection":"0","x-frame-options":"SAMEORIGIN","x-content-type-options":"nosniff","alt-svc":"h3=\":443\"; ma=2592000,h3-29=\":443\"; ma=2592000,h3-T051=\":443\"; ma=2592000,h3-Q050=\":443\"; ma=2592000,h3-Q046=\":443\"; ma=2592000,h3-Q043=\":443\"; ma=2592000,quic=\":443\"; ma=2592000; v=\"46,43\"","accept-ranges":"none","transfer-encoding":"chunked"}
[debug] [2021-08-17T17:50:55.905Z] >>> [apiv2][query] GET https://firebase.googleapis.com/v1beta1/projects/lab-cognicion [none]
[debug] [2021-08-17T17:50:56.351Z] <<< [apiv2][status] GET https://firebase.googleapis.com/v1beta1/projects/lab-cognicion 403
[debug] [2021-08-17T17:50:56.351Z] <<< [apiv2][body] GET https://firebase.googleapis.com/v1beta1/projects/lab-cognicion {"error":{"code":403,"message":"The caller does not have permission","status":"PERMISSION_DENIED"}}
[debug] [2021-08-17T17:50:56.352Z] HTTP Error: 403, The caller does not have permission
[debug] [2021-08-17T17:50:56.585Z] FirebaseError: HTTP Error: 403, The caller does not have permission
    at module.exports (/usr/local/lib/node_modules/firebase-tools/lib/responseToError.js:38:12)
    at Client.doRequest (/usr/local/lib/node_modules/firebase-tools/lib/apiv2.js:238:23)
    at processTicksAndRejections (internal/process/task_queues.js:89:5)
    at async Client.request (/usr/local/lib/node_modules/firebase-tools/lib/apiv2.js:96:20)
    at async Object.getFirebaseProject (/usr/local/lib/node_modules/firebase-tools/lib/management/projects.js:290:21)
    at async Object.getDefaultHostingSite (/usr/local/lib/node_modules/firebase-tools/lib/getDefaultHostingSite.js:8:21)
    at async requireHostingSite (/usr/local/lib/node_modules/firebase-tools/lib/requireHostingSite.js:9:18)
    at async Object.fn (/usr/local/lib/node_modules/firebase-tools/lib/commands/deploy.js:65:9)
    at async /usr/local/lib/node_modules/firebase-tools/lib/command.js:182:17
[error] 
[error] Error: Failed to get Firebase project lab-cognicion. Please make sure the project exists and your account has permission to access it.
